<?xml version="1.0" encoding="UTF-8"?>
<beans xmlns="http://www.springframework.org/schema/beans"
       xmlns:xsi="http://www.w3.org/2001/XMLSchema-instance"
       xsi:schemaLocation="http://www.springframework.org/schema/beans http://www.springframework.org/schema/beans/spring-beans-3.1.xsd"
       default-autowire="byName">

    <import resource="classpath*:spring/springmvc.xml"/>
    <import resource="classpath*:spring/spring-dao.xml"/>
    <import resource="classpath*:spring/spring-redis.xml"/>
    <import resource="classpath*:spring/spring-service.xml"/>

</beans>